+l
27	            sum += a[i];
28	    }
29	    return sum;
30	}
31	void output(int sum) {
32	    printf("The sum of composite number is %d",sum);
33	}
34	int main() {
35	    int n, sum;
36	    n = input_array_size();
+l
37	    int a[100];
38	    input_array(n,a);
39	    is_composite(n);
40	    sum = sum_composite_numbers(n,a);
41	    output(sum);
42	    return 0;
43	
44	}+b 10
Breakpoint 1 at 0x401490: file c:\Users\komal\OneDrive\Desktop\fpc-advanced-classroom-1st-year-assignment-Komal8020\set02\problem04.c, line 10.
+b 12
Breakpoint 2 at 0x4014af: file c:\Users\komal\OneDrive\Desktop\fpc-advanced-classroom-1st-year-assignment-Komal8020\set02\problem04.c, line 12.
+b 16
Breakpoint 3 at 0x4014e3: file c:\Users\komal\OneDrive\Desktop\fpc-advanced-classroom-1st-year-assignment-Komal8020\set02\problem04.c, line 16.
+b 17
Breakpoint 4 at 0x4014fc: file c:\Users\komal\OneDrive\Desktop\fpc-advanced-classroom-1st-year-assignment-Komal8020\set02\problem04.c, line 17.
+b 25
Breakpoint 5 at 0x401526: file c:\Users\komal\OneDrive\Desktop\fpc-advanced-classroom-1st-year-assignment-Komal8020\set02\problem04.c, line 25.
+b 26 
Breakpoint 6 at 0x40152f: file c:\Users\komal\OneDrive\Desktop\fpc-advanced-classroom-1st-year-assignment-Komal8020\set02\problem04.c, line 26.
+b 27
Breakpoint 7 at 0x40154c: file c:\Users\komal\OneDrive\Desktop\fpc-advanced-classroom-1st-year-assignment-Komal8020\set02\problem04.c, line 27.
+info b 
Num     Type           Disp Enb Address    What
1       breakpoint     keep y   0x00401490 in input_array 
                                           at c:\Users\komal\OneDrive\Desktop\fpc-advanced-classroom-1st-year-assignment-Komal8020\set02\problem04.c:10
2       breakpoint     keep y   0x004014af in input_array 
                                           at c:\Users\komal\OneDrive\Desktop\fpc-advanced-classroom-1st-year-assignment-Komal8020\set02\problem04.c:12
3       breakpoint     keep y   0x004014e3 in is_composite 
                                           at c:\Users\komal\OneDrive\Desktop\fpc-advanced-classroom-1st-year-assignment-Komal8020\set02\problem04.c:16
4       breakpoint     keep y   0x004014fc in is_composite 
                                           at c:\Users\komal\OneDrive\Desktop\fpc-advanced-classroom-1st-year-assignment-Komal8020\set02\problem04.c:17
5       breakpoint     keep y   0x00401526 in sum_composite_numbers 
                                           at c:\Users\komal\OneDrive\Desktop\fpc-advanced-classroom-1st-year-assignment-Komal8020\set02\problem04.c:25
6       breakpoint     keep y   0x0040152f in sum_composite_numbers 
                                           at c:\Users\komal\OneDrive\Desktop\fpc-advanced-classroom-1st-year-assignment-Komal8020\set02\problem04.c:26
7       breakpoint     keep y   0x0040154c in sum_composite_numbers 
                                           at c:\Users\komal\OneDrive\Desktop\fpc-advanced-classroom-1st-year-assignment-Komal8020\set02\problem04.c:27
+r 
Starting program: c:\Users\komal\OneDrive\Desktop\fpc-advanced-classroom-1st-year-assignment-Komal8020\set02/./problem04.exe 
[New Thread 8500.0x32fc]
[New Thread 8500.0x2e50]

Breakpoint 1, input_array (n=2, a=0x61fd88) at c:\Users\komal\OneDrive\Desktop\fpc-advanced-classroom-1st-year-assignment-Komal8020\set02\problem04.c:10
10	  for(int i = 0; i <= n; i++){
+next 
11	    printf("Enter the %d element of array:",i+1);
+next 

Breakpoint 2, input_array (n=2, a=0x61fd88) at c:\Users\komal\OneDrive\Desktop\fpc-advanced-classroom-1st-year-assignment-Komal8020\set02\problem04.c:12
12	    scanf("%d",&a[i]);
+next 
10	  for(int i = 0; i <= n; i++){
+return 
Make input_array return now? (y or n) #0  main ()
    at c:\Users\komal\OneDrive\Desktop\fpc-advanced-classroom-1st-year-assignment-Komal8020\set02\problem04.c:39
39	    is_composite(n);
+finish
"finish" not meaningful in the outermost frame.
+b main
Breakpoint 8 at 0x4015a7: file c:\Users\komal\OneDrive\Desktop\fpc-advanced-classroom-1st-year-assignment-Komal8020\set02\problem04.c, line 36.
+p bar
No symbol "bar" in current context.
+print result
No symbol "result" in current context.
+print sum
$1 = 0
+return 
Make main return now? (y or n) #0  0x00401288 in __register_frame_info ()
+finish
Run till exit from #0  0x00401288 in __register_frame_info ()
[Inferior 1 (process 8500) exited normally]
+q
