+l
31	void find_length(Line *l) {
32	    l->distance = sqrt(pow((l->p2.x - l->p1.x),2) +pow((l->p2.y - l->p1.y),2));
33	}
34	void output(Line l) {
35	  printf("Coordinates of p1:(%f,%f)\n",l.p1.x, l.p1.y);
36	  printf("Coordinates of p2:(%f,%f)\n",l.p2.x, l.p2.y);
37	  printf("Length of a line is:%f\n",l.distance);
38	}
39	int main() {
40	    Line l = input_line();
+l
41	    find_length(&l);
42	    output(l);
43	    return 0;
44	}+b 26
Breakpoint 1 at 0x4014a9: file c:\Users\komal\OneDrive\Desktop\fpc-advanced-classroom-1st-year-assignment-Komal8020\set03\problem07.c, line 26.
+b 28
Breakpoint 2 at 0x4014cf: file c:\Users\komal\OneDrive\Desktop\fpc-advanced-classroom-1st-year-assignment-Komal8020\set03\problem07.c, line 28.
+b 27
Breakpoint 3 at 0x4014c3: file c:\Users\komal\OneDrive\Desktop\fpc-advanced-classroom-1st-year-assignment-Komal8020\set03\problem07.c, line 27.
+b 32
Breakpoint 4 at 0x401514: file c:\Users\komal\OneDrive\Desktop\fpc-advanced-classroom-1st-year-assignment-Komal8020\set03\problem07.c, line 32.
+b 20
Breakpoint 5 at 0x401472: file c:\Users\komal\OneDrive\Desktop\fpc-advanced-classroom-1st-year-assignment-Komal8020\set03\problem07.c, line 20.
+b 35
Breakpoint 6 at 0x401576: file c:\Users\komal\OneDrive\Desktop\fpc-advanced-classroom-1st-year-assignment-Komal8020\set03\problem07.c, line 35.
+b 36
Breakpoint 7 at 0x401592: file c:\Users\komal\OneDrive\Desktop\fpc-advanced-classroom-1st-year-assignment-Komal8020\set03\problem07.c, line 36.
+b 37
Breakpoint 8 at 0x4015ae: file c:\Users\komal\OneDrive\Desktop\fpc-advanced-classroom-1st-year-assignment-Komal8020\set03\problem07.c, line 37.
+r
Starting program: c:\Users\komal\OneDrive\Desktop\fpc-advanced-classroom-1st-year-assignment-Komal8020\set03/./problem07.exe 
[New Thread 16168.0x6b98]
[New Thread 16168.0x2e3c]

Breakpoint 1, input_line () at c:\Users\komal\OneDrive\Desktop\fpc-advanced-classroom-1st-year-assignment-Komal8020\set03\problem07.c:26
26	    scanf("%f",l.p1);
+r
The program being debugged has been started already.
Start it from the beginning? (y or n) error return ../../gdb-7.6.1/gdb/windows-nat.c:1275 was 5
Starting program: c:\Users\komal\OneDrive\Desktop\fpc-advanced-classroom-1st-year-assignment-Komal8020\set03/./problem07.exe 
[New Thread 30240.0x42ac]
[New Thread 30240.0x6bfc]

Breakpoint 1, input_line () at c:\Users\komal\OneDrive\Desktop\fpc-advanced-classroom-1st-year-assignment-Komal8020\set03\problem07.c:26
26	    scanf("%f",l.p1);
+2 3
Undefined command: "2".  Try "help".
+q
A debugging session is active.

	Inferior 1 [process 30240] will be killed.

Quit anyway? (y or n) error return ../../gdb-7.6.1/gdb/windows-nat.c:1275 was 5
+l
warning: Source file is more recent than executable.
31	void find_length(Line *l) {
32	    l->distance = sqrt(pow((l->p2.x - l->p1.x),2) + pow((l->p2.y - l->p1.y),2));
33	}
34	void output(Line l) {
35	  printf("Coordinates of p1:(%f,%f)\n",l.p1.x, l.p1.y);
36	  printf("Coordinates of p2:(%f,%f)\n",l.p2.x, l.p2.y);
37	  printf("Length of a line is:%f\n",l.distance);
38	}
39	int main() {
40	    Line l = input_line();
+l
41	    find_length(&l);
42	    output(l);
43	    return 0;
44	}+b 26
Breakpoint 1 at 0x4014a9: file c:\Users\komal\OneDrive\Desktop\fpc-advanced-classroom-1st-year-assignment-Komal8020\set03\problem07.c, line 26.
+b 27
Breakpoint 2 at 0x4014c3: file c:\Users\komal\OneDrive\Desktop\fpc-advanced-classroom-1st-year-assignment-Komal8020\set03\problem07.c, line 27.
+b 32
Breakpoint 3 at 0x401514: file c:\Users\komal\OneDrive\Desktop\fpc-advanced-classroom-1st-year-assignment-Komal8020\set03\problem07.c, line 32.
+info b
Num     Type           Disp Enb Address    What
1       breakpoint     keep y   0x004014a9 in input_line at c:\Users\komal\OneDrive\Desktop\fpc-advanced-classroom-1st-year-assignment-Komal8020\set03\problem07.c:26
2       breakpoint     keep y   0x004014c3 in input_line at c:\Users\komal\OneDrive\Desktop\fpc-advanced-classroom-1st-year-assignment-Komal8020\set03\problem07.c:27
3       breakpoint     keep y   0x00401514 in find_length at c:\Users\komal\OneDrive\Desktop\fpc-advanced-classroom-1st-year-assignment-Komal8020\set03\problem07.c:32
+r
Starting program: c:\Users\komal\OneDrive\Desktop\fpc-advanced-classroom-1st-year-assignment-Komal8020\set03/./problem07.exe 
[New Thread 11844.0x572c]
[New Thread 11844.0x726c]

Breakpoint 1, input_line () at c:\Users\komal\OneDrive\Desktop\fpc-advanced-classroom-1st-year-assignment-Komal8020\set03\problem07.c:26
26	    l.p1 = input_point();
+print l
$1 = {p1 = {x = 8.99951429e-039, y = 2.59215921e+032}, p2 = {x = 1.12103877e-044, y = 2.57974267e+032}, distance = 2.57973764e+032}
+print result
No symbol "result" in current context.
+print x
No symbol "x" in current context.
+print l
$2 = {p1 = {x = 8.99951429e-039, y = 2.59215921e+032}, p2 = {x = 1.12103877e-044, y = 2.57974267e+032}, distance = 2.57973764e+032}
+finish
Run till exit from #0  input_line () at c:\Users\komal\OneDrive\Desktop\fpc-advanced-classroom-1st-year-assignment-Komal8020\set03\problem07.c:26

Breakpoint 2, input_line () at c:\Users\komal\OneDrive\Desktop\fpc-advanced-classroom-1st-year-assignment-Komal8020\set03\problem07.c:27
27	    printf("Enter the coordinates for p2:\n");
+r
The program being debugged has been started already.
Start it from the beginning? (y or n) Program not restarted.
+print l
$3 = {p1 = {x = 8.99951429e-039, y = 2.59215921e+032}, p2 = {x = 1.12103877e-044, y = 2.57974267e+032}, distance = 2.57973764e+032}
+return 
Make input_line return now? (y or n) #0  main () at c:\Users\komal\OneDrive\Desktop\fpc-advanced-classroom-1st-year-assignment-Komal8020\set03\problem07.c:41
41	    find_length(&l);
+finish
"finish" not meaningful in the outermost frame.
+next

Breakpoint 3, find_length (l=0x61ff0c) at c:\Users\komal\OneDrive\Desktop\fpc-advanced-classroom-1st-year-assignment-Komal8020\set03\problem07.c:32
32	    l->distance = sqrt(pow((l->p2.x - l->p1.x),2) + pow((l->p2.y - l->p1.y),2));
+finish
Run till exit from #0  find_length (l=0x61ff0c) at c:\Users\komal\OneDrive\Desktop\fpc-advanced-classroom-1st-year-assignment-Komal8020\set03\problem07.c:32
main () at c:\Users\komal\OneDrive\Desktop\fpc-advanced-classroom-1st-year-assignment-Komal8020\set03\problem07.c:42
42	    output(l);
+r
The program being debugged has been started already.
Start it from the beginning? (y or n) Program not restarted.
+next
43	    return 0;
+finish
"finish" not meaningful in the outermost frame.
+q
A debugging session is active.

	Inferior 1 [process 11844] will be killed.

Quit anyway? (y or n) error return ../../gdb-7.6.1/gdb/windows-nat.c:1275 was 5
